# JRE version: Java(TM) SE Runtime Environment (8.0_202-b08) (build 1.8.0_202-b08)
# Java VM: Java HotSpot(TM) 64-Bit Server VM (25.202-b08 mixed mode windows-amd64 compressed oops)
Heap:
 PSYoungGen      total 672768K, used 336699K [0x000000076c400000, 0x0000000799b80000, 0x00000007c0000000)
  eden space 661504K, 49% used [0x000000076c400000,0x000000078024c9e8,0x0000000794a00000)
  from space 11264K, 95% used [0x0000000799080000,0x0000000799b024c8,0x0000000799b80000)
  to   space 29696K, 0% used [0x0000000796180000,0x0000000796180000,0x0000000797e80000)
 ParOldGen       total 209408K, used 77460K [0x00000006c4c00000, 0x00000006d1880000, 0x000000076c400000)
  object space 209408K, 36% used [0x00000006c4c00000,0x00000006c97a50d0,0x00000006d1880000)
 Metaspace       used 79389K, capacity 85096K, committed 85144K, reserved 1122304K
  class space    used 10620K, capacity 11653K, committed 11688K, reserved 1048576K
GC Heap History (10 events):
Event: 39.696 GC heap before
{Heap before GC invocations=15 (full 3):
 PSYoungGen      total 588800K, used 13979K [0x000000076c400000, 0x0000000792580000, 0x00000007c0000000)
  eden space 567296K, 0% used [0x000000076c400000,0x000000076c400000,0x000000078ee00000)
  from space 21504K, 65% used [0x0000000790300000,0x00000007910a6e60,0x0000000791800000)
  to   space 21504K, 0% used [0x000000078ee00000,0x000000078ee00000,0x0000000790300000)
 ParOldGen       total 146944K, used 45043K [0x00000006c4c00000, 0x00000006cdb80000, 0x000000076c400000)
  object space 146944K, 30% used [0x00000006c4c00000,0x00000006c77fce10,0x00000006cdb80000)
 Metaspace       used 55922K, capacity 59050K, committed 59160K, reserved 1099776K
  class space    used 7382K, capacity 7950K, committed 7976K, reserved 1048576K
Event: 39.827 GC heap after
Heap after GC invocations=15 (full 3):
 PSYoungGen      total 588800K, used 0K [0x000000076c400000, 0x0000000792580000, 0x00000007c0000000)
  eden space 567296K, 0% used [0x000000076c400000,0x000000076c400000,0x000000078ee00000)
  from space 21504K, 0% used [0x0000000790300000,0x0000000790300000,0x0000000791800000)
  to   space 21504K, 0% used [0x000000078ee00000,0x000000078ee00000,0x0000000790300000)
 ParOldGen       total 209408K, used 44172K [0x00000006c4c00000, 0x00000006d1880000, 0x000000076c400000)
  object space 209408K, 21% used [0x00000006c4c00000,0x00000006c7723360,0x00000006d1880000)
 Metaspace       used 55922K, capacity 59050K, committed 59160K, reserved 1099776K
  class space    used 7382K, capacity 7950K, committed 7976K, reserved 1048576K
}
Event: 42.025 GC heap before
{Heap before GC invocations=16 (full 3):
 PSYoungGen      total 588800K, used 567296K [0x000000076c400000, 0x0000000792580000, 0x00000007c0000000)
  eden space 567296K, 100% used [0x000000076c400000,0x000000078ee00000,0x000000078ee00000)
  from space 21504K, 0% used [0x0000000790300000,0x0000000790300000,0x0000000791800000)
  to   space 21504K, 0% used [0x000000078ee00000,0x000000078ee00000,0x0000000790300000)
 ParOldGen       total 209408K, used 44172K [0x00000006c4c00000, 0x00000006d1880000, 0x000000076c400000)
  object space 209408K, 21% used [0x00000006c4c00000,0x00000006c7723360,0x00000006d1880000)
 Metaspace       used 65787K, capacity 69960K, committed 70168K, reserved 1110016K
  class space    used 8732K, capacity 9483K, committed 9512K, reserved 1048576K
Event: 42.038 GC heap after
Heap after GC invocations=16 (full 3):
 PSYoungGen      total 588800K, used 21493K [0x000000076c400000, 0x000000079c700000, 0x00000007c0000000)
  eden space 567296K, 0% used [0x000000076c400000,0x000000076c400000,0x000000078ee00000)
  from space 21504K, 99% used [0x000000078ee00000,0x00000007902fd400,0x0000000790300000)
  to   space 25088K, 0% used [0x000000079ae80000,0x000000079ae80000,0x000000079c700000)
 ParOldGen       total 209408K, used 46196K [0x00000006c4c00000, 0x00000006d1880000, 0x000000076c400000)
  object space 209408K, 22% used [0x00000006c4c00000,0x00000006c791d300,0x00000006d1880000)
 Metaspace       used 65787K, capacity 69960K, committed 70168K, reserved 1110016K
  class space    used 8732K, capacity 9483K, committed 9512K, reserved 1048576K
}
Event: 62.136 GC heap before
{Heap before GC invocations=17 (full 3):
 PSYoungGen      total 588800K, used 588789K [0x000000076c400000, 0x000000079c700000, 0x00000007c0000000)
  eden space 567296K, 100% used [0x000000076c400000,0x000000078ee00000,0x000000078ee00000)
  from space 21504K, 99% used [0x000000078ee00000,0x00000007902fd400,0x0000000790300000)
  to   space 25088K, 0% used [0x000000079ae80000,0x000000079ae80000,0x000000079c700000)
 ParOldGen       total 209408K, used 46196K [0x00000006c4c00000, 0x00000006d1880000, 0x000000076c400000)
  object space 209408K, 22% used [0x00000006c4c00000,0x00000006c791d300,0x00000006d1880000)
 Metaspace       used 75845K, capacity 81468K, committed 81560K, reserved 1120256K
  class space    used 10146K, capacity 11129K, committed 11176K, reserved 1048576K
Event: 62.151 GC heap after
Heap after GC invocations=17 (full 3):
 PSYoungGen      total 743424K, used 25078K [0x000000076c400000, 0x000000079c700000, 0x00000007c0000000)
  eden space 718336K, 0% used [0x000000076c400000,0x000000076c400000,0x0000000798180000)
  from space 25088K, 99% used [0x000000079ae80000,0x000000079c6fd830,0x000000079c700000)
  to   space 30720K, 0% used [0x0000000798b00000,0x0000000798b00000,0x000000079a900000)
 ParOldGen       total 209408K, used 53092K [0x00000006c4c00000, 0x00000006d1880000, 0x000000076c400000)
  object space 209408K, 25% used [0x00000006c4c00000,0x00000006c7fd9130,0x00000006d1880000)
 Metaspace       used 75845K, capacity 81468K, committed 81560K, reserved 1120256K
  class space    used 10146K, capacity 11129K, committed 11176K, reserved 1048576K
}
Event: 3132.541 GC heap before
{Heap before GC invocations=18 (full 3):
 PSYoungGen      total 743424K, used 743414K [0x000000076c400000, 0x000000079c700000, 0x00000007c0000000)
  eden space 718336K, 100% used [0x000000076c400000,0x0000000798180000,0x0000000798180000)
  from space 25088K, 99% used [0x000000079ae80000,0x000000079c6fd830,0x000000079c700000)
  to   space 30720K, 0% used [0x0000000798b00000,0x0000000798b00000,0x000000079a900000)
 ParOldGen       total 209408K, used 53092K [0x00000006c4c00000, 0x00000006d1880000, 0x000000076c400000)
  object space 209408K, 25% used [0x00000006c4c00000,0x00000006c7fd9130,0x00000006d1880000)
 Metaspace       used 77609K, capacity 83300K, committed 83608K, reserved 1122304K
  class space    used 10346K, capacity 11331K, committed 11432K, reserved 1048576K
Event: 3132.604 GC heap after
Heap after GC invocations=18 (full 3):
 PSYoungGen      total 693760K, used 4135K [0x000000076c400000, 0x000000079af00000, 0x00000007c0000000)
  eden space 689152K, 0% used [0x000000076c400000,0x000000076c400000,0x0000000796500000)
  from space 4608K, 89% used [0x0000000798b00000,0x0000000798f09d10,0x0000000798f80000)
  to   space 31232K, 0% used [0x0000000799080000,0x0000000799080000,0x000000079af00000)
 ParOldGen       total 209408K, used 77452K [0x00000006c4c00000, 0x00000006d1880000, 0x000000076c400000)
  object space 209408K, 36% used [0x00000006c4c00000,0x00000006c97a30d0,0x00000006d1880000)
 Metaspace       used 77609K, capacity 83300K, committed 83608K, reserved 1122304K
  class space    used 10346K, capacity 11331K, committed 11432K, reserved 1048576K
}
Event: 4842.889 GC heap before
{Heap before GC invocations=19 (full 3):
 PSYoungGen      total 693760K, used 693287K [0x000000076c400000, 0x000000079af00000, 0x00000007c0000000)
  eden space 689152K, 100% used [0x000000076c400000,0x0000000796500000,0x0000000796500000)
  from space 4608K, 89% used [0x0000000798b00000,0x0000000798f09d10,0x0000000798f80000)
  to   space 31232K, 0% used [0x0000000799080000,0x0000000799080000,0x000000079af00000)
 ParOldGen       total 209408K, used 77452K [0x00000006c4c00000, 0x00000006d1880000, 0x000000076c400000)
  object space 209408K, 36% used [0x00000006c4c00000,0x00000006c97a30d0,0x00000006d1880000)
 Metaspace       used 79389K, capacity 85096K, committed 85144K, reserved 1122304K
  class space    used 10620K, capacity 11653K, committed 11688K, reserved 1048576K
Event: 4842.966 GC heap after
Heap after GC invocations=19 (full 3):
 PSYoungGen      total 672768K, used 10761K [0x000000076c400000, 0x0000000799b80000, 0x00000007c0000000)
  eden space 661504K, 0% used [0x000000076c400000,0x000000076c400000,0x0000000794a00000)
  from space 11264K, 95% used [0x0000000799080000,0x0000000799b024c8,0x0000000799b80000)
  to   space 29696K, 0% used [0x0000000796180000,0x0000000796180000,0x0000000797e80000)
 ParOldGen       total 209408K, used 77460K [0x00000006c4c00000, 0x00000006d1880000, 0x000000076c400000)
  object space 209408K, 36% used [0x00000006c4c00000,0x00000006c97a50d0,0x00000006d1880000)
 Metaspace       used 79389K, capacity 85096K, committed 85144K, reserved 1122304K
  class space    used 10620K, capacity 11653K, committed 11688K, reserved 1048576K
}

