# JRE version: Java(TM) SE Runtime Environment (8.0_202-b08) (build 1.8.0_202-b08)
# Java VM: Java HotSpot(TM) 64-Bit Server VM (25.202-b08 mixed mode windows-amd64 compressed oops)
Heap:
 PSYoungGen      total 580096K, used 194897K [0x000000076c400000, 0x0000000795400000, 0x00000007c0000000)
  eden space 568832K, 32% used [0x000000076c400000,0x00000007777a7800,0x000000078ef80000)
  from space 11264K, 97% used [0x0000000791700000,0x00000007921acd20,0x0000000792200000)
  to   space 37888K, 0% used [0x0000000792f00000,0x0000000792f00000,0x0000000795400000)
 ParOldGen       total 228864K, used 64029K [0x00000006c4c00000, 0x00000006d2b80000, 0x000000076c400000)
  object space 228864K, 27% used [0x00000006c4c00000,0x00000006c8a87668,0x00000006d2b80000)
 Metaspace       used 77568K, capacity 83286K, committed 83608K, reserved 1122304K
  class space    used 10306K, capacity 11324K, committed 11432K, reserved 1048576K
GC Heap History (10 events):
Event: 32.123 GC heap before
{Heap before GC invocations=16 (full 3):
 PSYoungGen      total 538624K, used 512000K [0x000000076c400000, 0x000000078f100000, 0x00000007c0000000)
  eden space 512000K, 100% used [0x000000076c400000,0x000000078b800000,0x000000078b800000)
  from space 26624K, 0% used [0x000000078d200000,0x000000078d200000,0x000000078ec00000)
  to   space 26624K, 0% used [0x000000078b800000,0x000000078b800000,0x000000078d200000)
 ParOldGen       total 228864K, used 44325K [0x00000006c4c00000, 0x00000006d2b80000, 0x000000076c400000)
  object space 228864K, 19% used [0x00000006c4c00000,0x00000006c77496a8,0x00000006d2b80000)
 Metaspace       used 65249K, capacity 69334K, committed 69656K, reserved 1110016K
  class space    used 8647K, capacity 9396K, committed 9512K, reserved 1048576K
Event: 32.133 GC heap after
Heap after GC invocations=16 (full 3):
 PSYoungGen      total 538624K, used 21425K [0x000000076c400000, 0x0000000797180000, 0x00000007c0000000)
  eden space 512000K, 0% used [0x000000076c400000,0x000000076c400000,0x000000078b800000)
  from space 26624K, 80% used [0x000000078b800000,0x000000078ccec700,0x000000078d200000)
  to   space 28672K, 0% used [0x0000000795580000,0x0000000795580000,0x0000000797180000)
 ParOldGen       total 228864K, used 44333K [0x00000006c4c00000, 0x00000006d2b80000, 0x000000076c400000)
  object space 228864K, 19% used [0x00000006c4c00000,0x00000006c774b6a8,0x00000006d2b80000)
 Metaspace       used 65249K, capacity 69334K, committed 69656K, reserved 1110016K
  class space    used 8647K, capacity 9396K, committed 9512K, reserved 1048576K
}
Event: 35.223 GC heap before
{Heap before GC invocations=17 (full 3):
 PSYoungGen      total 538624K, used 533425K [0x000000076c400000, 0x0000000797180000, 0x00000007c0000000)
  eden space 512000K, 100% used [0x000000076c400000,0x000000078b800000,0x000000078b800000)
  from space 26624K, 80% used [0x000000078b800000,0x000000078ccec700,0x000000078d200000)
  to   space 28672K, 0% used [0x0000000795580000,0x0000000795580000,0x0000000797180000)
 ParOldGen       total 228864K, used 44333K [0x00000006c4c00000, 0x00000006d2b80000, 0x000000076c400000)
  object space 228864K, 19% used [0x00000006c4c00000,0x00000006c774b6a8,0x00000006d2b80000)
 Metaspace       used 70679K, capacity 75914K, committed 76056K, reserved 1114112K
  class space    used 9491K, capacity 10436K, committed 10536K, reserved 1048576K
Event: 35.239 GC heap after
Heap after GC invocations=17 (full 3):
 PSYoungGen      total 669184K, used 23785K [0x000000076c400000, 0x0000000797280000, 0x00000007c0000000)
  eden space 640512K, 0% used [0x000000076c400000,0x000000076c400000,0x0000000793580000)
  from space 28672K, 82% used [0x0000000795580000,0x0000000796cba490,0x0000000797180000)
  to   space 31232K, 0% used [0x0000000793580000,0x0000000793580000,0x0000000795400000)
 ParOldGen       total 228864K, used 44349K [0x00000006c4c00000, 0x00000006d2b80000, 0x000000076c400000)
  object space 228864K, 19% used [0x00000006c4c00000,0x00000006c774f6a8,0x00000006d2b80000)
 Metaspace       used 70679K, capacity 75914K, committed 76056K, reserved 1114112K
  class space    used 9491K, capacity 10436K, committed 10536K, reserved 1048576K
}
Event: 2385.824 GC heap before
{Heap before GC invocations=18 (full 3):
 PSYoungGen      total 669184K, used 664297K [0x000000076c400000, 0x0000000797280000, 0x00000007c0000000)
  eden space 640512K, 100% used [0x000000076c400000,0x0000000793580000,0x0000000793580000)
  from space 28672K, 82% used [0x0000000795580000,0x0000000796cba490,0x0000000797180000)
  to   space 31232K, 0% used [0x0000000793580000,0x0000000793580000,0x0000000795400000)
 ParOldGen       total 228864K, used 44349K [0x00000006c4c00000, 0x00000006d2b80000, 0x000000076c400000)
  object space 228864K, 19% used [0x00000006c4c00000,0x00000006c774f6a8,0x00000006d2b80000)
 Metaspace       used 77536K, capacity 83274K, committed 83608K, reserved 1122304K
  class space    used 10304K, capacity 11322K, committed 11432K, reserved 1048576K
Event: 2385.893 GC heap after
Heap after GC invocations=18 (full 3):
 PSYoungGen      total 646144K, used 30704K [0x000000076c400000, 0x0000000796300000, 0x00000007c0000000)
  eden space 615424K, 0% used [0x000000076c400000,0x000000076c400000,0x0000000791d00000)
  from space 30720K, 99% used [0x0000000793580000,0x000000079537c058,0x0000000795380000)
  to   space 15872K, 0% used [0x0000000795380000,0x0000000795380000,0x0000000796300000)
 ParOldGen       total 228864K, used 44365K [0x00000006c4c00000, 0x00000006d2b80000, 0x000000076c400000)
  object space 228864K, 19% used [0x00000006c4c00000,0x00000006c77536a8,0x00000006d2b80000)
 Metaspace       used 77536K, capacity 83274K, committed 83608K, reserved 1122304K
  class space    used 10304K, capacity 11322K, committed 11432K, reserved 1048576K
}
Event: 3389.954 GC heap before
{Heap before GC invocations=19 (full 3):
 PSYoungGen      total 646144K, used 646128K [0x000000076c400000, 0x0000000796300000, 0x00000007c0000000)
  eden space 615424K, 100% used [0x000000076c400000,0x0000000791d00000,0x0000000791d00000)
  from space 30720K, 99% used [0x0000000793580000,0x000000079537c058,0x0000000795380000)
  to   space 15872K, 0% used [0x0000000795380000,0x0000000795380000,0x0000000796300000)
 ParOldGen       total 228864K, used 44365K [0x00000006c4c00000, 0x00000006d2b80000, 0x000000076c400000)
  object space 228864K, 19% used [0x00000006c4c00000,0x00000006c77536a8,0x00000006d2b80000)
 Metaspace       used 77561K, capacity 83280K, committed 83608K, reserved 1122304K
  class space    used 10305K, capacity 11323K, committed 11432K, reserved 1048576K
Event: 3390.039 GC heap after
Heap after GC invocations=19 (full 3):
 PSYoungGen      total 607232K, used 15870K [0x000000076c400000, 0x0000000796300000, 0x00000007c0000000)
  eden space 591360K, 0% used [0x000000076c400000,0x000000076c400000,0x0000000790580000)
  from space 15872K, 99% used [0x0000000795380000,0x00000007962ff940,0x0000000796300000)
  to   space 38912K, 0% used [0x0000000791700000,0x0000000791700000,0x0000000793d00000)
 ParOldGen       total 228864K, used 58167K [0x00000006c4c00000, 0x00000006d2b80000, 0x000000076c400000)
  object space 228864K, 25% used [0x00000006c4c00000,0x00000006c84cde60,0x00000006d2b80000)
 Metaspace       used 77561K, capacity 83280K, committed 83608K, reserved 1122304K
  class space    used 10305K, capacity 11323K, committed 11432K, reserved 1048576K
}
Event: 6175.742 GC heap before
{Heap before GC invocations=20 (full 3):
 PSYoungGen      total 607232K, used 607230K [0x000000076c400000, 0x0000000796300000, 0x00000007c0000000)
  eden space 591360K, 100% used [0x000000076c400000,0x0000000790580000,0x0000000790580000)
  from space 15872K, 99% used [0x0000000795380000,0x00000007962ff940,0x0000000796300000)
  to   space 38912K, 0% used [0x0000000791700000,0x0000000791700000,0x0000000793d00000)
 ParOldGen       total 228864K, used 58167K [0x00000006c4c00000, 0x00000006d2b80000, 0x000000076c400000)
  object space 228864K, 25% used [0x00000006c4c00000,0x00000006c84cde60,0x00000006d2b80000)
 Metaspace       used 77568K, capacity 83286K, committed 83608K, reserved 1122304K
  class space    used 10306K, capacity 11324K, committed 11432K, reserved 1048576K
Event: 6175.803 GC heap after
Heap after GC invocations=20 (full 3):
 PSYoungGen      total 580096K, used 10931K [0x000000076c400000, 0x0000000795400000, 0x00000007c0000000)
  eden space 568832K, 0% used [0x000000076c400000,0x000000076c400000,0x000000078ef80000)
  from space 11264K, 97% used [0x0000000791700000,0x00000007921acd20,0x0000000792200000)
  to   space 37888K, 0% used [0x0000000792f00000,0x0000000792f00000,0x0000000795400000)
 ParOldGen       total 228864K, used 64029K [0x00000006c4c00000, 0x00000006d2b80000, 0x000000076c400000)
  object space 228864K, 27% used [0x00000006c4c00000,0x00000006c8a87668,0x00000006d2b80000)
 Metaspace       used 77568K, capacity 83286K, committed 83608K, reserved 1122304K
  class space    used 10306K, capacity 11324K, committed 11432K, reserved 1048576K
}

